2021-03-10 17:35:54 [main] INFO  App:10 - Initializing Parking System
2021-03-10 17:35:54 [main] INFO  InteractiveShell:14 - App initialized!!!
2021-03-10 17:36:03 [main] INFO  DataBaseConfig:13 - Create DB connection
2021-03-10 17:36:04 [main] INFO  DataBaseConfig:45 - Closing Result Set
2021-03-10 17:36:04 [main] INFO  DataBaseConfig:34 - Closing Prepared Statement
2021-03-10 17:36:04 [main] INFO  DataBaseConfig:23 - Closing DB connection
2021-03-10 17:36:04 [main] ERROR ParkingService:76 - Error fetching next available parking slot
java.lang.Exception: Error fetching parking number from DB. Parking slots might be full
	at com.parkit.parkingsystem.service.ParkingService.getNextParkingNumberIfAvailable(ParkingService.java:71) [classes/:?]
	at com.parkit.parkingsystem.service.ParkingService.processIncomingVehicle(ParkingService.java:32) [classes/:?]
	at com.parkit.parkingsystem.service.InteractiveShell.loadInterface(InteractiveShell.java:28) [classes/:?]
	at com.parkit.parkingsystem.App.main(App.java:11) [classes/:?]
2021-03-10 17:36:23 [main] INFO  DataBaseConfig:13 - Create DB connection
2021-03-10 17:36:23 [main] INFO  DataBaseConfig:45 - Closing Result Set
2021-03-10 17:36:23 [main] INFO  DataBaseConfig:34 - Closing Prepared Statement
2021-03-10 17:36:23 [main] INFO  DataBaseConfig:23 - Closing DB connection
2021-03-10 17:36:23 [main] ERROR ParkingService:76 - Error fetching next available parking slot
java.lang.Exception: Error fetching parking number from DB. Parking slots might be full
	at com.parkit.parkingsystem.service.ParkingService.getNextParkingNumberIfAvailable(ParkingService.java:71) [classes/:?]
	at com.parkit.parkingsystem.service.ParkingService.processIncomingVehicle(ParkingService.java:32) [classes/:?]
	at com.parkit.parkingsystem.service.InteractiveShell.loadInterface(InteractiveShell.java:28) [classes/:?]
	at com.parkit.parkingsystem.App.main(App.java:11) [classes/:?]
2021-03-10 17:36:57 [main] ERROR InputReaderUtil:18 - Error while reading user input from Shell
java.util.NoSuchElementException: No line found
	at java.util.Scanner.nextLine(Scanner.java:1651) ~[?:?]
	at com.parkit.parkingsystem.util.InputReaderUtil.readSelection(InputReaderUtil.java:15) [classes/:?]
	at com.parkit.parkingsystem.service.ParkingService.getVehichleType(ParkingService.java:85) [classes/:?]
	at com.parkit.parkingsystem.service.ParkingService.getNextParkingNumberIfAvailable(ParkingService.java:66) [classes/:?]
	at com.parkit.parkingsystem.service.ParkingService.processIncomingVehicle(ParkingService.java:32) [classes/:?]
	at com.parkit.parkingsystem.service.InteractiveShell.loadInterface(InteractiveShell.java:28) [classes/:?]
	at com.parkit.parkingsystem.App.main(App.java:11) [classes/:?]
2021-03-10 17:36:57 [main] ERROR ParkingService:74 - Error parsing user input for type of vehicle
java.lang.IllegalArgumentException: Entered input is invalid
	at com.parkit.parkingsystem.service.ParkingService.getVehichleType(ParkingService.java:95) ~[classes/:?]
	at com.parkit.parkingsystem.service.ParkingService.getNextParkingNumberIfAvailable(ParkingService.java:66) [classes/:?]
	at com.parkit.parkingsystem.service.ParkingService.processIncomingVehicle(ParkingService.java:32) [classes/:?]
	at com.parkit.parkingsystem.service.InteractiveShell.loadInterface(InteractiveShell.java:28) [classes/:?]
	at com.parkit.parkingsystem.App.main(App.java:11) [classes/:?]
2021-03-10 17:36:57 [main] ERROR InputReaderUtil:18 - Error while reading user input from Shell
java.util.NoSuchElementException: No line found
	at java.util.Scanner.nextLine(Scanner.java:1651) ~[?:?]
	at com.parkit.parkingsystem.util.InputReaderUtil.readSelection(InputReaderUtil.java:15) [classes/:?]
	at com.parkit.parkingsystem.service.InteractiveShell.loadInterface(InteractiveShell.java:25) [classes/:?]
	at com.parkit.parkingsystem.App.main(App.java:11) [classes/:?]
2021-03-10 17:37:08 [main] INFO  App:10 - Initializing Parking System
2021-03-10 17:37:08 [main] INFO  InteractiveShell:14 - App initialized!!!
2021-03-10 17:37:19 [main] INFO  DataBaseConfig:13 - Create DB connection
2021-03-10 17:37:20 [main] INFO  DataBaseConfig:45 - Closing Result Set
2021-03-10 17:37:20 [main] INFO  DataBaseConfig:34 - Closing Prepared Statement
2021-03-10 17:37:20 [main] INFO  DataBaseConfig:23 - Closing DB connection
2021-03-10 17:37:20 [main] ERROR ParkingService:76 - Error fetching next available parking slot
java.lang.Exception: Error fetching parking number from DB. Parking slots might be full
	at com.parkit.parkingsystem.service.ParkingService.getNextParkingNumberIfAvailable(ParkingService.java:71) [classes/:?]
	at com.parkit.parkingsystem.service.ParkingService.processIncomingVehicle(ParkingService.java:32) [classes/:?]
	at com.parkit.parkingsystem.service.InteractiveShell.loadInterface(InteractiveShell.java:28) [classes/:?]
	at com.parkit.parkingsystem.App.main(App.java:11) [classes/:?]
2021-03-10 17:37:51 [main] INFO  DataBaseConfig:13 - Create DB connection
2021-03-10 17:37:51 [main] INFO  DataBaseConfig:45 - Closing Result Set
2021-03-10 17:37:51 [main] INFO  DataBaseConfig:34 - Closing Prepared Statement
2021-03-10 17:37:51 [main] INFO  DataBaseConfig:23 - Closing DB connection
2021-03-10 17:37:51 [main] ERROR ParkingService:76 - Error fetching next available parking slot
java.lang.Exception: Error fetching parking number from DB. Parking slots might be full
	at com.parkit.parkingsystem.service.ParkingService.getNextParkingNumberIfAvailable(ParkingService.java:71) [classes/:?]
	at com.parkit.parkingsystem.service.ParkingService.processIncomingVehicle(ParkingService.java:32) [classes/:?]
	at com.parkit.parkingsystem.service.InteractiveShell.loadInterface(InteractiveShell.java:28) [classes/:?]
	at com.parkit.parkingsystem.App.main(App.java:11) [classes/:?]
2021-03-10 17:37:59 [main] ERROR InputReaderUtil:18 - Error while reading user input from Shell
java.util.NoSuchElementException: No line found
	at java.util.Scanner.nextLine(Scanner.java:1651) ~[?:?]
	at com.parkit.parkingsystem.util.InputReaderUtil.readSelection(InputReaderUtil.java:15) [classes/:?]
	at com.parkit.parkingsystem.service.InteractiveShell.loadInterface(InteractiveShell.java:25) [classes/:?]
	at com.parkit.parkingsystem.App.main(App.java:11) [classes/:?]
2021-03-10 17:37:59 [main] ERROR InputReaderUtil:18 - Error while reading user input from Shell
java.util.NoSuchElementException: No line found
	at java.util.Scanner.nextLine(Scanner.java:1651) ~[?:?]
	at com.parkit.parkingsystem.util.InputReaderUtil.readSelection(InputReaderUtil.java:15) [classes/:?]
	at com.parkit.parkingsystem.service.InteractiveShell.loadInterface(InteractiveShell.java:25) [classes/:?]
	at com.parkit.parkingsystem.App.main(App.java:11) [classes/:?]
2021-03-10 17:39:04 [main] INFO  App:10 - Initializing Parking System
2021-03-10 17:39:04 [main] INFO  InteractiveShell:14 - App initialized!!!
2021-03-10 17:39:38 [main] INFO  DataBaseConfig:13 - Create DB connection
2021-03-10 17:39:39 [main] INFO  DataBaseConfig:45 - Closing Result Set
2021-03-10 17:39:39 [main] INFO  DataBaseConfig:34 - Closing Prepared Statement
2021-03-10 17:39:39 [main] INFO  DataBaseConfig:23 - Closing DB connection
2021-03-10 17:39:39 [main] ERROR ParkingService:76 - Error fetching next available parking slot
java.lang.Exception: Error fetching parking number from DB. Parking slots might be full
	at com.parkit.parkingsystem.service.ParkingService.getNextParkingNumberIfAvailable(ParkingService.java:71) [classes/:?]
	at com.parkit.parkingsystem.service.ParkingService.processIncomingVehicle(ParkingService.java:32) [classes/:?]
	at com.parkit.parkingsystem.service.InteractiveShell.loadInterface(InteractiveShell.java:28) [classes/:?]
	at com.parkit.parkingsystem.App.main(App.java:11) [classes/:?]
2021-03-10 17:40:14 [main] INFO  DataBaseConfig:13 - Create DB connection
2021-03-10 17:40:14 [main] INFO  DataBaseConfig:45 - Closing Result Set
2021-03-10 17:40:14 [main] INFO  DataBaseConfig:34 - Closing Prepared Statement
2021-03-10 17:40:14 [main] INFO  DataBaseConfig:23 - Closing DB connection
2021-03-10 17:40:14 [main] ERROR ParkingService:76 - Error fetching next available parking slot
java.lang.Exception: Error fetching parking number from DB. Parking slots might be full
	at com.parkit.parkingsystem.service.ParkingService.getNextParkingNumberIfAvailable(ParkingService.java:71) [classes/:?]
	at com.parkit.parkingsystem.service.ParkingService.processIncomingVehicle(ParkingService.java:32) [classes/:?]
	at com.parkit.parkingsystem.service.InteractiveShell.loadInterface(InteractiveShell.java:28) [classes/:?]
	at com.parkit.parkingsystem.App.main(App.java:11) [classes/:?]
2021-03-10 17:40:48 [main] INFO  App:10 - Initializing Parking System
2021-03-10 17:40:48 [main] INFO  InteractiveShell:14 - App initialized!!!
2021-03-10 17:41:01 [main] INFO  DataBaseConfig:13 - Create DB connection
2021-03-10 17:41:01 [main] INFO  DataBaseConfig:45 - Closing Result Set
2021-03-10 17:41:01 [main] INFO  DataBaseConfig:34 - Closing Prepared Statement
2021-03-10 17:41:01 [main] INFO  DataBaseConfig:23 - Closing DB connection
2021-03-10 17:41:01 [main] ERROR ParkingService:117 - Unable to process exiting vehicle
java.lang.NullPointerException: Cannot invoke "com.parkit.parkingsystem.model.Ticket.setOutTime(java.util.Date)" because "ticket" is null
	at com.parkit.parkingsystem.service.ParkingService.processExitingVehicle(ParkingService.java:105) [classes/:?]
	at com.parkit.parkingsystem.service.InteractiveShell.loadInterface(InteractiveShell.java:32) [classes/:?]
	at com.parkit.parkingsystem.App.main(App.java:11) [classes/:?]
2021-03-10 17:41:11 [main] INFO  DataBaseConfig:13 - Create DB connection
2021-03-10 17:41:12 [main] INFO  DataBaseConfig:45 - Closing Result Set
2021-03-10 17:41:12 [main] INFO  DataBaseConfig:34 - Closing Prepared Statement
2021-03-10 17:41:12 [main] INFO  DataBaseConfig:23 - Closing DB connection
2021-03-10 17:41:12 [main] ERROR ParkingService:76 - Error fetching next available parking slot
java.lang.Exception: Error fetching parking number from DB. Parking slots might be full
	at com.parkit.parkingsystem.service.ParkingService.getNextParkingNumberIfAvailable(ParkingService.java:71) [classes/:?]
	at com.parkit.parkingsystem.service.ParkingService.processIncomingVehicle(ParkingService.java:32) [classes/:?]
	at com.parkit.parkingsystem.service.InteractiveShell.loadInterface(InteractiveShell.java:28) [classes/:?]
	at com.parkit.parkingsystem.App.main(App.java:11) [classes/:?]
2021-03-10 17:41:22 [main] INFO  DataBaseConfig:13 - Create DB connection
2021-03-10 17:41:22 [main] INFO  DataBaseConfig:45 - Closing Result Set
2021-03-10 17:41:22 [main] INFO  DataBaseConfig:34 - Closing Prepared Statement
2021-03-10 17:41:22 [main] INFO  DataBaseConfig:23 - Closing DB connection
2021-03-10 17:41:22 [main] ERROR ParkingService:76 - Error fetching next available parking slot
java.lang.Exception: Error fetching parking number from DB. Parking slots might be full
	at com.parkit.parkingsystem.service.ParkingService.getNextParkingNumberIfAvailable(ParkingService.java:71) [classes/:?]
	at com.parkit.parkingsystem.service.ParkingService.processIncomingVehicle(ParkingService.java:32) [classes/:?]
	at com.parkit.parkingsystem.service.InteractiveShell.loadInterface(InteractiveShell.java:28) [classes/:?]
	at com.parkit.parkingsystem.App.main(App.java:11) [classes/:?]
2021-03-10 18:36:39 [main] INFO  DataBaseTestConfig:14 - Create DB connection
2021-03-10 18:36:40 [main] INFO  DataBaseTestConfig:24 - Closing DB connection
2021-03-10 18:36:40 [main] INFO  DataBaseTestConfig:14 - Create DB connection
2021-03-10 18:36:40 [main] INFO  DataBaseTestConfig:46 - Closing Result Set
2021-03-10 18:36:40 [main] INFO  DataBaseTestConfig:35 - Closing Prepared Statement
2021-03-10 18:36:40 [main] INFO  DataBaseTestConfig:24 - Closing DB connection
2021-03-10 18:36:40 [main] INFO  DataBaseTestConfig:14 - Create DB connection
2021-03-10 18:36:40 [main] INFO  DataBaseTestConfig:35 - Closing Prepared Statement
2021-03-10 18:36:40 [main] INFO  DataBaseTestConfig:24 - Closing DB connection
2021-03-10 18:36:40 [main] INFO  DataBaseTestConfig:14 - Create DB connection
2021-03-10 18:36:40 [main] INFO  DataBaseTestConfig:24 - Closing DB connection
2021-03-10 18:36:40 [main] INFO  DataBaseTestConfig:14 - Create DB connection
2021-03-10 18:36:40 [main] INFO  DataBaseTestConfig:46 - Closing Result Set
2021-03-10 18:36:40 [main] INFO  DataBaseTestConfig:35 - Closing Prepared Statement
2021-03-10 18:36:40 [main] INFO  DataBaseTestConfig:24 - Closing DB connection
2021-03-10 18:36:40 [main] INFO  DataBaseTestConfig:14 - Create DB connection
2021-03-10 18:36:40 [main] INFO  DataBaseTestConfig:24 - Closing DB connection
2021-03-10 18:36:40 [main] INFO  DataBaseTestConfig:14 - Create DB connection
2021-03-10 18:36:40 [main] INFO  DataBaseTestConfig:35 - Closing Prepared Statement
2021-03-10 18:36:40 [main] INFO  DataBaseTestConfig:24 - Closing DB connection
2021-03-10 18:36:40 [main] INFO  DataBaseTestConfig:14 - Create DB connection
2021-03-10 18:36:40 [main] INFO  DataBaseTestConfig:24 - Closing DB connection
2021-03-10 18:36:40 [main] INFO  DataBaseTestConfig:14 - Create DB connection
2021-03-10 18:36:40 [main] INFO  DataBaseTestConfig:46 - Closing Result Set
2021-03-10 18:36:40 [main] INFO  DataBaseTestConfig:35 - Closing Prepared Statement
2021-03-10 18:36:40 [main] INFO  DataBaseTestConfig:24 - Closing DB connection
2021-03-10 18:36:40 [main] INFO  DataBaseTestConfig:14 - Create DB connection
2021-03-10 18:36:40 [main] INFO  DataBaseTestConfig:35 - Closing Prepared Statement
2021-03-10 18:36:40 [main] INFO  DataBaseTestConfig:24 - Closing DB connection
2021-03-10 18:36:40 [main] INFO  DataBaseTestConfig:14 - Create DB connection
2021-03-10 18:36:40 [main] INFO  DataBaseTestConfig:24 - Closing DB connection
2021-03-14 17:14:46 [main] INFO  DataBaseTestConfig:14 - Create DB connection
2021-03-14 17:14:46 [main] INFO  DataBaseTestConfig:24 - Closing DB connection
2021-03-14 17:14:46 [main] INFO  DataBaseTestConfig:14 - Create DB connection
2021-03-14 17:14:46 [main] INFO  DataBaseTestConfig:46 - Closing Result Set
2021-03-14 17:14:46 [main] INFO  DataBaseTestConfig:35 - Closing Prepared Statement
2021-03-14 17:14:46 [main] INFO  DataBaseTestConfig:24 - Closing DB connection
2021-03-14 17:14:46 [main] INFO  DataBaseTestConfig:14 - Create DB connection
2021-03-14 17:14:46 [main] INFO  DataBaseTestConfig:35 - Closing Prepared Statement
2021-03-14 17:14:46 [main] INFO  DataBaseTestConfig:24 - Closing DB connection
2021-03-14 17:14:46 [main] INFO  DataBaseTestConfig:14 - Create DB connection
2021-03-14 17:14:46 [main] INFO  DataBaseTestConfig:24 - Closing DB connection
2021-03-14 17:14:46 [main] INFO  DataBaseTestConfig:14 - Create DB connection
2021-03-14 17:14:46 [main] INFO  DataBaseTestConfig:46 - Closing Result Set
2021-03-14 17:14:46 [main] INFO  DataBaseTestConfig:35 - Closing Prepared Statement
2021-03-14 17:14:46 [main] INFO  DataBaseTestConfig:24 - Closing DB connection
2021-03-14 17:14:46 [main] INFO  DataBaseTestConfig:14 - Create DB connection
2021-03-14 17:14:46 [main] INFO  DataBaseTestConfig:46 - Closing Result Set
2021-03-14 17:14:46 [main] INFO  DataBaseTestConfig:35 - Closing Prepared Statement
2021-03-14 17:14:46 [main] INFO  DataBaseTestConfig:24 - Closing DB connection
2021-03-14 17:14:46 [main] INFO  DataBaseTestConfig:14 - Create DB connection
2021-03-14 17:14:46 [main] INFO  DataBaseTestConfig:46 - Closing Result Set
2021-03-14 17:14:46 [main] INFO  DataBaseTestConfig:35 - Closing Prepared Statement
2021-03-14 17:14:46 [main] INFO  DataBaseTestConfig:24 - Closing DB connection
2021-03-14 17:14:46 [main] ERROR ParkingService:117 - Unable to process exiting vehicle
java.lang.IllegalArgumentException: Out time provided is incorrect:Sun Mar 14 17:14:46 CET 2021
	at com.parkit.parkingsystem.service.FareCalculatorService.calculateFare(FareCalculatorService.java:10) ~[classes/:?]
	at com.parkit.parkingsystem.service.ParkingService.processExitingVehicle(ParkingService.java:106) ~[classes/:?]
	at com.parkit.parkingsystem.integration.ParkingDataBaseIT.testParkingLotExit(ParkingDataBaseIT.java:76) ~[test-classes/:?]
	at jdk.internal.reflect.NativeMethodAccessorImpl.invoke0(Native Method) ~[?:?]
	at jdk.internal.reflect.NativeMethodAccessorImpl.invoke(NativeMethodAccessorImpl.java:64) ~[?:?]
	at jdk.internal.reflect.DelegatingMethodAccessorImpl.invoke(DelegatingMethodAccessorImpl.java:43) ~[?:?]
	at java.lang.reflect.Method.invoke(Method.java:564) ~[?:?]
	at org.junit.platform.commons.util.ReflectionUtils.invokeMethod(ReflectionUtils.java:532) ~[junit-platform-commons-1.3.2.jar:1.3.2]
	at org.junit.jupiter.engine.execution.ExecutableInvoker.invoke(ExecutableInvoker.java:115) ~[junit-jupiter-engine-5.3.2.jar:5.3.2]
	at org.junit.jupiter.engine.descriptor.TestMethodTestDescriptor.lambda$invokeTestMethod$6(TestMethodTestDescriptor.java:171) ~[junit-jupiter-engine-5.3.2.jar:5.3.2]
	at org.junit.platform.engine.support.hierarchical.ThrowableCollector.execute(ThrowableCollector.java:72) ~[junit-platform-engine-1.3.2.jar:1.3.2]
	at org.junit.jupiter.engine.descriptor.TestMethodTestDescriptor.invokeTestMethod(TestMethodTestDescriptor.java:167) ~[junit-jupiter-engine-5.3.2.jar:5.3.2]
	at org.junit.jupiter.engine.descriptor.TestMethodTestDescriptor.execute(TestMethodTestDescriptor.java:114) ~[junit-jupiter-engine-5.3.2.jar:5.3.2]
	at org.junit.jupiter.engine.descriptor.TestMethodTestDescriptor.execute(TestMethodTestDescriptor.java:59) ~[junit-jupiter-engine-5.3.2.jar:5.3.2]
	at org.junit.platform.engine.support.hierarchical.NodeTestTask.lambda$executeRecursively$4(NodeTestTask.java:108) ~[junit-platform-engine-1.3.2.jar:1.3.2]
	at org.junit.platform.engine.support.hierarchical.ThrowableCollector.execute(ThrowableCollector.java:72) ~[junit-platform-engine-1.3.2.jar:1.3.2]
	at org.junit.platform.engine.support.hierarchical.NodeTestTask.executeRecursively(NodeTestTask.java:98) ~[junit-platform-engine-1.3.2.jar:1.3.2]
	at org.junit.platform.engine.support.hierarchical.NodeTestTask.execute(NodeTestTask.java:74) ~[junit-platform-engine-1.3.2.jar:1.3.2]
	at java.util.ArrayList.forEach(ArrayList.java:1511) ~[?:?]
	at org.junit.platform.engine.support.hierarchical.SameThreadHierarchicalTestExecutorService.invokeAll(SameThreadHierarchicalTestExecutorService.java:38) ~[junit-platform-engine-1.3.2.jar:1.3.2]
	at org.junit.platform.engine.support.hierarchical.NodeTestTask.lambda$executeRecursively$4(NodeTestTask.java:112) ~[junit-platform-engine-1.3.2.jar:1.3.2]
	at org.junit.platform.engine.support.hierarchical.ThrowableCollector.execute(ThrowableCollector.java:72) ~[junit-platform-engine-1.3.2.jar:1.3.2]
	at org.junit.platform.engine.support.hierarchical.NodeTestTask.executeRecursively(NodeTestTask.java:98) ~[junit-platform-engine-1.3.2.jar:1.3.2]
	at org.junit.platform.engine.support.hierarchical.NodeTestTask.execute(NodeTestTask.java:74) ~[junit-platform-engine-1.3.2.jar:1.3.2]
	at java.util.ArrayList.forEach(ArrayList.java:1511) ~[?:?]
	at org.junit.platform.engine.support.hierarchical.SameThreadHierarchicalTestExecutorService.invokeAll(SameThreadHierarchicalTestExecutorService.java:38) ~[junit-platform-engine-1.3.2.jar:1.3.2]
	at org.junit.platform.engine.support.hierarchical.NodeTestTask.lambda$executeRecursively$4(NodeTestTask.java:112) ~[junit-platform-engine-1.3.2.jar:1.3.2]
	at org.junit.platform.engine.support.hierarchical.ThrowableCollector.execute(ThrowableCollector.java:72) ~[junit-platform-engine-1.3.2.jar:1.3.2]
	at org.junit.platform.engine.support.hierarchical.NodeTestTask.executeRecursively(NodeTestTask.java:98) ~[junit-platform-engine-1.3.2.jar:1.3.2]
	at org.junit.platform.engine.support.hierarchical.NodeTestTask.execute(NodeTestTask.java:74) ~[junit-platform-engine-1.3.2.jar:1.3.2]
	at org.junit.platform.engine.support.hierarchical.SameThreadHierarchicalTestExecutorService.submit(SameThreadHierarchicalTestExecutorService.java:32) ~[junit-platform-engine-1.3.2.jar:1.3.2]
	at org.junit.platform.engine.support.hierarchical.HierarchicalTestExecutor.execute(HierarchicalTestExecutor.java:57) ~[junit-platform-engine-1.3.2.jar:1.3.2]
	at org.junit.platform.engine.support.hierarchical.HierarchicalTestEngine.execute(HierarchicalTestEngine.java:51) ~[junit-platform-engine-1.3.2.jar:1.3.2]
	at org.junit.platform.launcher.core.DefaultLauncher.execute(DefaultLauncher.java:220) ~[junit-platform-launcher-1.3.2.jar:1.3.2]
	at org.junit.platform.launcher.core.DefaultLauncher.lambda$execute$6(DefaultLauncher.java:188) ~[junit-platform-launcher-1.3.2.jar:1.3.2]
	at org.junit.platform.launcher.core.DefaultLauncher.withInterceptedStreams(DefaultLauncher.java:202) [junit-platform-launcher-1.3.2.jar:1.3.2]
	at org.junit.platform.launcher.core.DefaultLauncher.execute(DefaultLauncher.java:181) [junit-platform-launcher-1.3.2.jar:1.3.2]
	at org.junit.platform.launcher.core.DefaultLauncher.execute(DefaultLauncher.java:128) [junit-platform-launcher-1.3.2.jar:1.3.2]
	at org.eclipse.jdt.internal.junit5.runner.JUnit5TestReference.run(JUnit5TestReference.java:100) [.cp/:?]
	at org.eclipse.jdt.internal.junit.runner.TestExecution.run(TestExecution.java:41) [.cp/:?]
	at org.eclipse.jdt.internal.junit.runner.RemoteTestRunner.runTests(RemoteTestRunner.java:542) [.cp/:?]
	at org.eclipse.jdt.internal.junit.runner.RemoteTestRunner.runTests(RemoteTestRunner.java:770) [.cp/:?]
	at org.eclipse.jdt.internal.junit.runner.RemoteTestRunner.run(RemoteTestRunner.java:464) [.cp/:?]
	at org.eclipse.jdt.internal.junit.runner.RemoteTestRunner.main(RemoteTestRunner.java:210) [.cp/:?]
2021-03-14 17:14:46 [main] INFO  DataBaseTestConfig:14 - Create DB connection
2021-03-14 17:14:46 [main] INFO  DataBaseTestConfig:46 - Closing Result Set
2021-03-14 17:14:46 [main] INFO  DataBaseTestConfig:35 - Closing Prepared Statement
2021-03-14 17:14:46 [main] INFO  DataBaseTestConfig:24 - Closing DB connection
2021-03-14 17:14:46 [main] INFO  DataBaseTestConfig:14 - Create DB connection
2021-03-14 17:14:46 [main] INFO  DataBaseTestConfig:46 - Closing Result Set
2021-03-14 17:14:46 [main] INFO  DataBaseTestConfig:35 - Closing Prepared Statement
2021-03-14 17:14:46 [main] INFO  DataBaseTestConfig:24 - Closing DB connection
2021-03-14 17:14:46 [main] INFO  DataBaseTestConfig:14 - Create DB connection
2021-03-14 17:14:46 [main] INFO  DataBaseTestConfig:24 - Closing DB connection
2021-03-14 17:14:46 [main] INFO  DataBaseTestConfig:14 - Create DB connection
2021-03-14 17:14:46 [main] INFO  DataBaseTestConfig:46 - Closing Result Set
2021-03-14 17:14:46 [main] INFO  DataBaseTestConfig:35 - Closing Prepared Statement
2021-03-14 17:14:46 [main] INFO  DataBaseTestConfig:24 - Closing DB connection
2021-03-14 17:14:46 [main] INFO  DataBaseTestConfig:14 - Create DB connection
2021-03-14 17:14:46 [main] INFO  DataBaseTestConfig:35 - Closing Prepared Statement
2021-03-14 17:14:46 [main] INFO  DataBaseTestConfig:24 - Closing DB connection
2021-03-14 17:14:46 [main] INFO  DataBaseTestConfig:14 - Create DB connection
2021-03-14 17:14:47 [main] INFO  DataBaseTestConfig:24 - Closing DB connection
2021-03-14 17:14:47 [main] INFO  DataBaseTestConfig:14 - Create DB connection
2021-03-14 17:14:47 [main] INFO  DataBaseTestConfig:46 - Closing Result Set
2021-03-14 17:14:47 [main] INFO  DataBaseTestConfig:35 - Closing Prepared Statement
2021-03-14 17:14:47 [main] INFO  DataBaseTestConfig:24 - Closing DB connection
2021-03-14 17:14:47 [main] INFO  DataBaseTestConfig:14 - Create DB connection
2021-03-14 17:14:47 [main] INFO  DataBaseTestConfig:46 - Closing Result Set
2021-03-14 17:14:47 [main] INFO  DataBaseTestConfig:35 - Closing Prepared Statement
2021-03-14 17:14:47 [main] INFO  DataBaseTestConfig:24 - Closing DB connection
2021-03-14 17:14:55 [main] INFO  DataBaseTestConfig:14 - Create DB connection
2021-03-14 17:14:55 [main] INFO  DataBaseTestConfig:24 - Closing DB connection
2021-03-14 17:14:55 [main] INFO  DataBaseTestConfig:14 - Create DB connection
2021-03-14 17:14:55 [main] INFO  DataBaseTestConfig:46 - Closing Result Set
2021-03-14 17:14:55 [main] INFO  DataBaseTestConfig:35 - Closing Prepared Statement
2021-03-14 17:14:55 [main] INFO  DataBaseTestConfig:24 - Closing DB connection
2021-03-14 17:14:55 [main] INFO  DataBaseTestConfig:14 - Create DB connection
2021-03-14 17:14:55 [main] INFO  DataBaseTestConfig:35 - Closing Prepared Statement
2021-03-14 17:14:55 [main] INFO  DataBaseTestConfig:24 - Closing DB connection
2021-03-14 17:14:55 [main] INFO  DataBaseTestConfig:14 - Create DB connection
2021-03-14 17:14:55 [main] INFO  DataBaseTestConfig:24 - Closing DB connection
2021-03-14 17:14:55 [main] INFO  DataBaseTestConfig:14 - Create DB connection
2021-03-14 17:14:55 [main] INFO  DataBaseTestConfig:46 - Closing Result Set
2021-03-14 17:14:55 [main] INFO  DataBaseTestConfig:35 - Closing Prepared Statement
2021-03-14 17:14:55 [main] INFO  DataBaseTestConfig:24 - Closing DB connection
2021-03-14 17:14:55 [main] INFO  DataBaseTestConfig:14 - Create DB connection
2021-03-14 17:14:55 [main] INFO  DataBaseTestConfig:46 - Closing Result Set
2021-03-14 17:14:55 [main] INFO  DataBaseTestConfig:35 - Closing Prepared Statement
2021-03-14 17:14:55 [main] INFO  DataBaseTestConfig:24 - Closing DB connection
2021-03-14 17:14:55 [main] INFO  DataBaseTestConfig:14 - Create DB connection
2021-03-14 17:14:55 [main] INFO  DataBaseTestConfig:46 - Closing Result Set
2021-03-14 17:14:55 [main] INFO  DataBaseTestConfig:35 - Closing Prepared Statement
2021-03-14 17:14:55 [main] INFO  DataBaseTestConfig:24 - Closing DB connection
2021-03-14 17:14:55 [main] ERROR ParkingService:117 - Unable to process exiting vehicle
java.lang.IllegalArgumentException: Out time provided is incorrect:Sun Mar 14 17:14:55 CET 2021
	at com.parkit.parkingsystem.service.FareCalculatorService.calculateFare(FareCalculatorService.java:10) ~[classes/:?]
	at com.parkit.parkingsystem.service.ParkingService.processExitingVehicle(ParkingService.java:106) ~[classes/:?]
	at com.parkit.parkingsystem.integration.ParkingDataBaseIT.testParkingLotExit(ParkingDataBaseIT.java:76) ~[test-classes/:?]
	at jdk.internal.reflect.NativeMethodAccessorImpl.invoke0(Native Method) ~[?:?]
	at jdk.internal.reflect.NativeMethodAccessorImpl.invoke(NativeMethodAccessorImpl.java:64) ~[?:?]
	at jdk.internal.reflect.DelegatingMethodAccessorImpl.invoke(DelegatingMethodAccessorImpl.java:43) ~[?:?]
	at java.lang.reflect.Method.invoke(Method.java:564) ~[?:?]
	at org.junit.platform.commons.util.ReflectionUtils.invokeMethod(ReflectionUtils.java:532) ~[junit-platform-commons-1.3.2.jar:1.3.2]
	at org.junit.jupiter.engine.execution.ExecutableInvoker.invoke(ExecutableInvoker.java:115) ~[junit-jupiter-engine-5.3.2.jar:5.3.2]
	at org.junit.jupiter.engine.descriptor.TestMethodTestDescriptor.lambda$invokeTestMethod$6(TestMethodTestDescriptor.java:171) ~[junit-jupiter-engine-5.3.2.jar:5.3.2]
	at org.junit.platform.engine.support.hierarchical.ThrowableCollector.execute(ThrowableCollector.java:72) ~[junit-platform-engine-1.3.2.jar:1.3.2]
	at org.junit.jupiter.engine.descriptor.TestMethodTestDescriptor.invokeTestMethod(TestMethodTestDescriptor.java:167) ~[junit-jupiter-engine-5.3.2.jar:5.3.2]
	at org.junit.jupiter.engine.descriptor.TestMethodTestDescriptor.execute(TestMethodTestDescriptor.java:114) ~[junit-jupiter-engine-5.3.2.jar:5.3.2]
	at org.junit.jupiter.engine.descriptor.TestMethodTestDescriptor.execute(TestMethodTestDescriptor.java:59) ~[junit-jupiter-engine-5.3.2.jar:5.3.2]
	at org.junit.platform.engine.support.hierarchical.NodeTestTask.lambda$executeRecursively$4(NodeTestTask.java:108) ~[junit-platform-engine-1.3.2.jar:1.3.2]
	at org.junit.platform.engine.support.hierarchical.ThrowableCollector.execute(ThrowableCollector.java:72) ~[junit-platform-engine-1.3.2.jar:1.3.2]
	at org.junit.platform.engine.support.hierarchical.NodeTestTask.executeRecursively(NodeTestTask.java:98) ~[junit-platform-engine-1.3.2.jar:1.3.2]
	at org.junit.platform.engine.support.hierarchical.NodeTestTask.execute(NodeTestTask.java:74) ~[junit-platform-engine-1.3.2.jar:1.3.2]
	at java.util.ArrayList.forEach(ArrayList.java:1511) ~[?:?]
	at org.junit.platform.engine.support.hierarchical.SameThreadHierarchicalTestExecutorService.invokeAll(SameThreadHierarchicalTestExecutorService.java:38) ~[junit-platform-engine-1.3.2.jar:1.3.2]
	at org.junit.platform.engine.support.hierarchical.NodeTestTask.lambda$executeRecursively$4(NodeTestTask.java:112) ~[junit-platform-engine-1.3.2.jar:1.3.2]
	at org.junit.platform.engine.support.hierarchical.ThrowableCollector.execute(ThrowableCollector.java:72) ~[junit-platform-engine-1.3.2.jar:1.3.2]
	at org.junit.platform.engine.support.hierarchical.NodeTestTask.executeRecursively(NodeTestTask.java:98) ~[junit-platform-engine-1.3.2.jar:1.3.2]
	at org.junit.platform.engine.support.hierarchical.NodeTestTask.execute(NodeTestTask.java:74) ~[junit-platform-engine-1.3.2.jar:1.3.2]
	at java.util.ArrayList.forEach(ArrayList.java:1511) ~[?:?]
	at org.junit.platform.engine.support.hierarchical.SameThreadHierarchicalTestExecutorService.invokeAll(SameThreadHierarchicalTestExecutorService.java:38) ~[junit-platform-engine-1.3.2.jar:1.3.2]
	at org.junit.platform.engine.support.hierarchical.NodeTestTask.lambda$executeRecursively$4(NodeTestTask.java:112) ~[junit-platform-engine-1.3.2.jar:1.3.2]
	at org.junit.platform.engine.support.hierarchical.ThrowableCollector.execute(ThrowableCollector.java:72) ~[junit-platform-engine-1.3.2.jar:1.3.2]
	at org.junit.platform.engine.support.hierarchical.NodeTestTask.executeRecursively(NodeTestTask.java:98) ~[junit-platform-engine-1.3.2.jar:1.3.2]
	at org.junit.platform.engine.support.hierarchical.NodeTestTask.execute(NodeTestTask.java:74) ~[junit-platform-engine-1.3.2.jar:1.3.2]
	at org.junit.platform.engine.support.hierarchical.SameThreadHierarchicalTestExecutorService.submit(SameThreadHierarchicalTestExecutorService.java:32) ~[junit-platform-engine-1.3.2.jar:1.3.2]
	at org.junit.platform.engine.support.hierarchical.HierarchicalTestExecutor.execute(HierarchicalTestExecutor.java:57) ~[junit-platform-engine-1.3.2.jar:1.3.2]
	at org.junit.platform.engine.support.hierarchical.HierarchicalTestEngine.execute(HierarchicalTestEngine.java:51) ~[junit-platform-engine-1.3.2.jar:1.3.2]
	at org.junit.platform.launcher.core.DefaultLauncher.execute(DefaultLauncher.java:220) ~[junit-platform-launcher-1.3.2.jar:1.3.2]
	at org.junit.platform.launcher.core.DefaultLauncher.lambda$execute$6(DefaultLauncher.java:188) ~[junit-platform-launcher-1.3.2.jar:1.3.2]
	at org.junit.platform.launcher.core.DefaultLauncher.withInterceptedStreams(DefaultLauncher.java:202) [junit-platform-launcher-1.3.2.jar:1.3.2]
	at org.junit.platform.launcher.core.DefaultLauncher.execute(DefaultLauncher.java:181) [junit-platform-launcher-1.3.2.jar:1.3.2]
	at org.junit.platform.launcher.core.DefaultLauncher.execute(DefaultLauncher.java:128) [junit-platform-launcher-1.3.2.jar:1.3.2]
	at org.eclipse.jdt.internal.junit5.runner.JUnit5TestReference.run(JUnit5TestReference.java:100) [.cp/:?]
	at org.eclipse.jdt.internal.junit.runner.TestExecution.run(TestExecution.java:41) [.cp/:?]
	at org.eclipse.jdt.internal.junit.runner.RemoteTestRunner.runTests(RemoteTestRunner.java:542) [.cp/:?]
	at org.eclipse.jdt.internal.junit.runner.RemoteTestRunner.runTests(RemoteTestRunner.java:770) [.cp/:?]
	at org.eclipse.jdt.internal.junit.runner.RemoteTestRunner.run(RemoteTestRunner.java:464) [.cp/:?]
	at org.eclipse.jdt.internal.junit.runner.RemoteTestRunner.main(RemoteTestRunner.java:210) [.cp/:?]
2021-03-14 17:14:55 [main] INFO  DataBaseTestConfig:14 - Create DB connection
2021-03-14 17:14:55 [main] INFO  DataBaseTestConfig:46 - Closing Result Set
2021-03-14 17:14:55 [main] INFO  DataBaseTestConfig:35 - Closing Prepared Statement
2021-03-14 17:14:55 [main] INFO  DataBaseTestConfig:24 - Closing DB connection
2021-03-14 17:14:55 [main] INFO  DataBaseTestConfig:14 - Create DB connection
2021-03-14 17:14:55 [main] INFO  DataBaseTestConfig:46 - Closing Result Set
2021-03-14 17:14:55 [main] INFO  DataBaseTestConfig:35 - Closing Prepared Statement
2021-03-14 17:14:55 [main] INFO  DataBaseTestConfig:24 - Closing DB connection
2021-03-14 17:14:55 [main] INFO  DataBaseTestConfig:14 - Create DB connection
2021-03-14 17:14:55 [main] INFO  DataBaseTestConfig:24 - Closing DB connection
2021-03-14 17:14:55 [main] INFO  DataBaseTestConfig:14 - Create DB connection
2021-03-14 17:14:56 [main] INFO  DataBaseTestConfig:46 - Closing Result Set
2021-03-14 17:14:56 [main] INFO  DataBaseTestConfig:35 - Closing Prepared Statement
2021-03-14 17:14:56 [main] INFO  DataBaseTestConfig:24 - Closing DB connection
2021-03-14 17:14:56 [main] INFO  DataBaseTestConfig:14 - Create DB connection
2021-03-14 17:14:56 [main] INFO  DataBaseTestConfig:35 - Closing Prepared Statement
2021-03-14 17:14:56 [main] INFO  DataBaseTestConfig:24 - Closing DB connection
2021-03-14 17:14:56 [main] INFO  DataBaseTestConfig:14 - Create DB connection
2021-03-14 17:14:56 [main] INFO  DataBaseTestConfig:24 - Closing DB connection
2021-03-14 17:14:56 [main] INFO  DataBaseTestConfig:14 - Create DB connection
2021-03-14 17:14:56 [main] INFO  DataBaseTestConfig:46 - Closing Result Set
2021-03-14 17:14:56 [main] INFO  DataBaseTestConfig:35 - Closing Prepared Statement
2021-03-14 17:14:56 [main] INFO  DataBaseTestConfig:24 - Closing DB connection
2021-03-14 17:14:56 [main] INFO  DataBaseTestConfig:14 - Create DB connection
2021-03-14 17:14:56 [main] INFO  DataBaseTestConfig:46 - Closing Result Set
2021-03-14 17:14:56 [main] INFO  DataBaseTestConfig:35 - Closing Prepared Statement
2021-03-14 17:14:56 [main] INFO  DataBaseTestConfig:24 - Closing DB connection
2021-03-14 17:15:17 [main] INFO  DataBaseTestConfig:14 - Create DB connection
2021-03-14 17:15:18 [main] INFO  DataBaseTestConfig:24 - Closing DB connection
2021-03-14 17:15:18 [main] INFO  DataBaseTestConfig:14 - Create DB connection
2021-03-14 17:15:18 [main] INFO  DataBaseTestConfig:46 - Closing Result Set
2021-03-14 17:15:18 [main] INFO  DataBaseTestConfig:35 - Closing Prepared Statement
2021-03-14 17:15:18 [main] INFO  DataBaseTestConfig:24 - Closing DB connection
2021-03-14 17:15:18 [main] INFO  DataBaseTestConfig:14 - Create DB connection
2021-03-14 17:15:18 [main] INFO  DataBaseTestConfig:35 - Closing Prepared Statement
2021-03-14 17:15:18 [main] INFO  DataBaseTestConfig:24 - Closing DB connection
2021-03-14 17:15:18 [main] INFO  DataBaseTestConfig:14 - Create DB connection
2021-03-14 17:15:18 [main] INFO  DataBaseTestConfig:24 - Closing DB connection
2021-03-14 17:15:18 [main] INFO  DataBaseTestConfig:14 - Create DB connection
2021-03-14 17:15:18 [main] INFO  DataBaseTestConfig:46 - Closing Result Set
2021-03-14 17:15:18 [main] INFO  DataBaseTestConfig:35 - Closing Prepared Statement
2021-03-14 17:15:18 [main] INFO  DataBaseTestConfig:24 - Closing DB connection
2021-03-14 17:15:18 [main] INFO  DataBaseTestConfig:14 - Create DB connection
2021-03-14 17:15:18 [main] INFO  DataBaseTestConfig:46 - Closing Result Set
2021-03-14 17:15:18 [main] INFO  DataBaseTestConfig:35 - Closing Prepared Statement
2021-03-14 17:15:18 [main] INFO  DataBaseTestConfig:24 - Closing DB connection
2021-03-14 17:15:18 [main] INFO  DataBaseTestConfig:14 - Create DB connection
2021-03-14 17:15:18 [main] INFO  DataBaseTestConfig:46 - Closing Result Set
2021-03-14 17:15:18 [main] INFO  DataBaseTestConfig:35 - Closing Prepared Statement
2021-03-14 17:15:18 [main] INFO  DataBaseTestConfig:24 - Closing DB connection
2021-03-14 17:15:18 [main] INFO  DataBaseTestConfig:14 - Create DB connection
2021-03-14 17:15:18 [main] INFO  DataBaseTestConfig:24 - Closing DB connection
2021-03-14 17:15:18 [main] INFO  DataBaseTestConfig:14 - Create DB connection
2021-03-14 17:15:18 [main] INFO  DataBaseTestConfig:35 - Closing Prepared Statement
2021-03-14 17:15:18 [main] INFO  DataBaseTestConfig:24 - Closing DB connection
2021-03-14 17:15:18 [main] INFO  DataBaseTestConfig:14 - Create DB connection
2021-03-14 17:15:18 [main] INFO  DataBaseTestConfig:46 - Closing Result Set
2021-03-14 17:15:18 [main] INFO  DataBaseTestConfig:35 - Closing Prepared Statement
2021-03-14 17:15:18 [main] INFO  DataBaseTestConfig:24 - Closing DB connection
2021-03-14 17:15:18 [main] INFO  DataBaseTestConfig:14 - Create DB connection
2021-03-14 17:15:18 [main] INFO  DataBaseTestConfig:46 - Closing Result Set
2021-03-14 17:15:18 [main] INFO  DataBaseTestConfig:35 - Closing Prepared Statement
2021-03-14 17:15:18 [main] INFO  DataBaseTestConfig:24 - Closing DB connection
2021-03-14 17:15:18 [main] INFO  DataBaseTestConfig:14 - Create DB connection
2021-03-14 17:15:18 [main] INFO  DataBaseTestConfig:24 - Closing DB connection
2021-03-14 17:15:18 [main] INFO  DataBaseTestConfig:14 - Create DB connection
2021-03-14 17:15:18 [main] INFO  DataBaseTestConfig:46 - Closing Result Set
2021-03-14 17:15:18 [main] INFO  DataBaseTestConfig:35 - Closing Prepared Statement
2021-03-14 17:15:18 [main] INFO  DataBaseTestConfig:24 - Closing DB connection
2021-03-14 17:15:18 [main] INFO  DataBaseTestConfig:14 - Create DB connection
2021-03-14 17:15:18 [main] INFO  DataBaseTestConfig:35 - Closing Prepared Statement
2021-03-14 17:15:18 [main] INFO  DataBaseTestConfig:24 - Closing DB connection
2021-03-14 17:15:18 [main] INFO  DataBaseTestConfig:14 - Create DB connection
2021-03-14 17:15:18 [main] INFO  DataBaseTestConfig:24 - Closing DB connection
2021-03-14 17:15:18 [main] INFO  DataBaseTestConfig:14 - Create DB connection
2021-03-14 17:15:18 [main] INFO  DataBaseTestConfig:46 - Closing Result Set
2021-03-14 17:15:18 [main] INFO  DataBaseTestConfig:35 - Closing Prepared Statement
2021-03-14 17:15:18 [main] INFO  DataBaseTestConfig:24 - Closing DB connection
2021-03-14 17:15:18 [main] INFO  DataBaseTestConfig:14 - Create DB connection
2021-03-14 17:15:18 [main] INFO  DataBaseTestConfig:46 - Closing Result Set
2021-03-14 17:15:18 [main] INFO  DataBaseTestConfig:35 - Closing Prepared Statement
2021-03-14 17:15:18 [main] INFO  DataBaseTestConfig:24 - Closing DB connection
2021-03-14 17:26:08 [main] INFO  DataBaseTestConfig:14 - Create DB connection
2021-03-14 17:26:08 [main] INFO  DataBaseTestConfig:24 - Closing DB connection
2021-03-14 17:26:08 [main] INFO  DataBaseTestConfig:14 - Create DB connection
2021-03-14 17:26:08 [main] INFO  DataBaseTestConfig:46 - Closing Result Set
2021-03-14 17:26:08 [main] INFO  DataBaseTestConfig:35 - Closing Prepared Statement
2021-03-14 17:26:08 [main] INFO  DataBaseTestConfig:24 - Closing DB connection
2021-03-14 17:26:08 [main] INFO  DataBaseTestConfig:14 - Create DB connection
2021-03-14 17:26:08 [main] INFO  DataBaseTestConfig:35 - Closing Prepared Statement
2021-03-14 17:26:08 [main] INFO  DataBaseTestConfig:24 - Closing DB connection
2021-03-14 17:26:08 [main] INFO  DataBaseTestConfig:14 - Create DB connection
2021-03-14 17:26:08 [main] INFO  DataBaseTestConfig:24 - Closing DB connection
2021-03-14 17:26:08 [main] INFO  DataBaseTestConfig:14 - Create DB connection
2021-03-14 17:26:08 [main] INFO  DataBaseTestConfig:46 - Closing Result Set
2021-03-14 17:26:08 [main] INFO  DataBaseTestConfig:35 - Closing Prepared Statement
2021-03-14 17:26:08 [main] INFO  DataBaseTestConfig:24 - Closing DB connection
2021-03-14 17:26:08 [main] INFO  DataBaseTestConfig:14 - Create DB connection
2021-03-14 17:26:08 [main] INFO  DataBaseTestConfig:46 - Closing Result Set
2021-03-14 17:26:08 [main] INFO  DataBaseTestConfig:35 - Closing Prepared Statement
2021-03-14 17:26:08 [main] INFO  DataBaseTestConfig:24 - Closing DB connection
2021-03-14 17:26:08 [main] INFO  DataBaseTestConfig:14 - Create DB connection
2021-03-14 17:26:08 [main] INFO  DataBaseTestConfig:46 - Closing Result Set
2021-03-14 17:26:08 [main] INFO  DataBaseTestConfig:35 - Closing Prepared Statement
2021-03-14 17:26:08 [main] INFO  DataBaseTestConfig:24 - Closing DB connection
2021-03-14 17:26:08 [main] ERROR ParkingService:117 - Unable to process exiting vehicle
java.lang.IllegalArgumentException: Out time provided is incorrect:Sun Mar 14 17:26:08 CET 2021
	at com.parkit.parkingsystem.service.FareCalculatorService.calculateFare(FareCalculatorService.java:10) ~[classes/:?]
	at com.parkit.parkingsystem.service.ParkingService.processExitingVehicle(ParkingService.java:106) ~[classes/:?]
	at com.parkit.parkingsystem.integration.ParkingDataBaseIT.testParkingLotExit(ParkingDataBaseIT.java:76) ~[test-classes/:?]
	at jdk.internal.reflect.NativeMethodAccessorImpl.invoke0(Native Method) ~[?:?]
	at jdk.internal.reflect.NativeMethodAccessorImpl.invoke(NativeMethodAccessorImpl.java:64) ~[?:?]
	at jdk.internal.reflect.DelegatingMethodAccessorImpl.invoke(DelegatingMethodAccessorImpl.java:43) ~[?:?]
	at java.lang.reflect.Method.invoke(Method.java:564) ~[?:?]
	at org.junit.platform.commons.util.ReflectionUtils.invokeMethod(ReflectionUtils.java:532) ~[junit-platform-commons-1.3.2.jar:1.3.2]
	at org.junit.jupiter.engine.execution.ExecutableInvoker.invoke(ExecutableInvoker.java:115) ~[junit-jupiter-engine-5.3.2.jar:5.3.2]
	at org.junit.jupiter.engine.descriptor.TestMethodTestDescriptor.lambda$invokeTestMethod$6(TestMethodTestDescriptor.java:171) ~[junit-jupiter-engine-5.3.2.jar:5.3.2]
	at org.junit.platform.engine.support.hierarchical.ThrowableCollector.execute(ThrowableCollector.java:72) ~[junit-platform-engine-1.3.2.jar:1.3.2]
	at org.junit.jupiter.engine.descriptor.TestMethodTestDescriptor.invokeTestMethod(TestMethodTestDescriptor.java:167) ~[junit-jupiter-engine-5.3.2.jar:5.3.2]
	at org.junit.jupiter.engine.descriptor.TestMethodTestDescriptor.execute(TestMethodTestDescriptor.java:114) ~[junit-jupiter-engine-5.3.2.jar:5.3.2]
	at org.junit.jupiter.engine.descriptor.TestMethodTestDescriptor.execute(TestMethodTestDescriptor.java:59) ~[junit-jupiter-engine-5.3.2.jar:5.3.2]
	at org.junit.platform.engine.support.hierarchical.NodeTestTask.lambda$executeRecursively$4(NodeTestTask.java:108) ~[junit-platform-engine-1.3.2.jar:1.3.2]
	at org.junit.platform.engine.support.hierarchical.ThrowableCollector.execute(ThrowableCollector.java:72) ~[junit-platform-engine-1.3.2.jar:1.3.2]
	at org.junit.platform.engine.support.hierarchical.NodeTestTask.executeRecursively(NodeTestTask.java:98) ~[junit-platform-engine-1.3.2.jar:1.3.2]
	at org.junit.platform.engine.support.hierarchical.NodeTestTask.execute(NodeTestTask.java:74) ~[junit-platform-engine-1.3.2.jar:1.3.2]
	at java.util.ArrayList.forEach(ArrayList.java:1511) ~[?:?]
	at org.junit.platform.engine.support.hierarchical.SameThreadHierarchicalTestExecutorService.invokeAll(SameThreadHierarchicalTestExecutorService.java:38) ~[junit-platform-engine-1.3.2.jar:1.3.2]
	at org.junit.platform.engine.support.hierarchical.NodeTestTask.lambda$executeRecursively$4(NodeTestTask.java:112) ~[junit-platform-engine-1.3.2.jar:1.3.2]
	at org.junit.platform.engine.support.hierarchical.ThrowableCollector.execute(ThrowableCollector.java:72) ~[junit-platform-engine-1.3.2.jar:1.3.2]
	at org.junit.platform.engine.support.hierarchical.NodeTestTask.executeRecursively(NodeTestTask.java:98) ~[junit-platform-engine-1.3.2.jar:1.3.2]
	at org.junit.platform.engine.support.hierarchical.NodeTestTask.execute(NodeTestTask.java:74) ~[junit-platform-engine-1.3.2.jar:1.3.2]
	at java.util.ArrayList.forEach(ArrayList.java:1511) ~[?:?]
	at org.junit.platform.engine.support.hierarchical.SameThreadHierarchicalTestExecutorService.invokeAll(SameThreadHierarchicalTestExecutorService.java:38) ~[junit-platform-engine-1.3.2.jar:1.3.2]
	at org.junit.platform.engine.support.hierarchical.NodeTestTask.lambda$executeRecursively$4(NodeTestTask.java:112) ~[junit-platform-engine-1.3.2.jar:1.3.2]
	at org.junit.platform.engine.support.hierarchical.ThrowableCollector.execute(ThrowableCollector.java:72) ~[junit-platform-engine-1.3.2.jar:1.3.2]
	at org.junit.platform.engine.support.hierarchical.NodeTestTask.executeRecursively(NodeTestTask.java:98) ~[junit-platform-engine-1.3.2.jar:1.3.2]
	at org.junit.platform.engine.support.hierarchical.NodeTestTask.execute(NodeTestTask.java:74) ~[junit-platform-engine-1.3.2.jar:1.3.2]
	at org.junit.platform.engine.support.hierarchical.SameThreadHierarchicalTestExecutorService.submit(SameThreadHierarchicalTestExecutorService.java:32) ~[junit-platform-engine-1.3.2.jar:1.3.2]
	at org.junit.platform.engine.support.hierarchical.HierarchicalTestExecutor.execute(HierarchicalTestExecutor.java:57) ~[junit-platform-engine-1.3.2.jar:1.3.2]
	at org.junit.platform.engine.support.hierarchical.HierarchicalTestEngine.execute(HierarchicalTestEngine.java:51) ~[junit-platform-engine-1.3.2.jar:1.3.2]
	at org.junit.platform.launcher.core.DefaultLauncher.execute(DefaultLauncher.java:220) ~[junit-platform-launcher-1.3.2.jar:1.3.2]
	at org.junit.platform.launcher.core.DefaultLauncher.lambda$execute$6(DefaultLauncher.java:188) ~[junit-platform-launcher-1.3.2.jar:1.3.2]
	at org.junit.platform.launcher.core.DefaultLauncher.withInterceptedStreams(DefaultLauncher.java:202) [junit-platform-launcher-1.3.2.jar:1.3.2]
	at org.junit.platform.launcher.core.DefaultLauncher.execute(DefaultLauncher.java:181) [junit-platform-launcher-1.3.2.jar:1.3.2]
	at org.junit.platform.launcher.core.DefaultLauncher.execute(DefaultLauncher.java:128) [junit-platform-launcher-1.3.2.jar:1.3.2]
	at org.eclipse.jdt.internal.junit5.runner.JUnit5TestReference.run(JUnit5TestReference.java:100) [.cp/:?]
	at org.eclipse.jdt.internal.junit.runner.TestExecution.run(TestExecution.java:41) [.cp/:?]
	at org.eclipse.jdt.internal.junit.runner.RemoteTestRunner.runTests(RemoteTestRunner.java:542) [.cp/:?]
	at org.eclipse.jdt.internal.junit.runner.RemoteTestRunner.runTests(RemoteTestRunner.java:770) [.cp/:?]
	at org.eclipse.jdt.internal.junit.runner.RemoteTestRunner.run(RemoteTestRunner.java:464) [.cp/:?]
	at org.eclipse.jdt.internal.junit.runner.RemoteTestRunner.main(RemoteTestRunner.java:210) [.cp/:?]
2021-03-14 17:26:08 [main] INFO  DataBaseTestConfig:14 - Create DB connection
2021-03-14 17:26:08 [main] INFO  DataBaseTestConfig:46 - Closing Result Set
2021-03-14 17:26:08 [main] INFO  DataBaseTestConfig:35 - Closing Prepared Statement
2021-03-14 17:26:08 [main] INFO  DataBaseTestConfig:24 - Closing DB connection
2021-03-14 17:26:08 [main] INFO  DataBaseTestConfig:14 - Create DB connection
2021-03-14 17:26:08 [main] INFO  DataBaseTestConfig:46 - Closing Result Set
2021-03-14 17:26:08 [main] INFO  DataBaseTestConfig:35 - Closing Prepared Statement
2021-03-14 17:26:08 [main] INFO  DataBaseTestConfig:24 - Closing DB connection
2021-03-14 17:26:08 [main] INFO  DataBaseTestConfig:14 - Create DB connection
2021-03-14 17:26:08 [main] INFO  DataBaseTestConfig:24 - Closing DB connection
2021-03-14 17:26:08 [main] INFO  DataBaseTestConfig:14 - Create DB connection
2021-03-14 17:26:08 [main] INFO  DataBaseTestConfig:46 - Closing Result Set
2021-03-14 17:26:08 [main] INFO  DataBaseTestConfig:35 - Closing Prepared Statement
2021-03-14 17:26:08 [main] INFO  DataBaseTestConfig:24 - Closing DB connection
2021-03-14 17:26:08 [main] INFO  DataBaseTestConfig:14 - Create DB connection
2021-03-14 17:26:08 [main] INFO  DataBaseTestConfig:35 - Closing Prepared Statement
2021-03-14 17:26:08 [main] INFO  DataBaseTestConfig:24 - Closing DB connection
2021-03-14 17:26:08 [main] INFO  DataBaseTestConfig:14 - Create DB connection
2021-03-14 17:26:08 [main] INFO  DataBaseTestConfig:24 - Closing DB connection
2021-03-14 17:26:08 [main] INFO  DataBaseTestConfig:14 - Create DB connection
2021-03-14 17:26:08 [main] INFO  DataBaseTestConfig:46 - Closing Result Set
2021-03-14 17:26:08 [main] INFO  DataBaseTestConfig:35 - Closing Prepared Statement
2021-03-14 17:26:08 [main] INFO  DataBaseTestConfig:24 - Closing DB connection
2021-03-14 17:26:08 [main] INFO  DataBaseTestConfig:14 - Create DB connection
2021-03-14 17:26:08 [main] INFO  DataBaseTestConfig:46 - Closing Result Set
2021-03-14 17:26:08 [main] INFO  DataBaseTestConfig:35 - Closing Prepared Statement
2021-03-14 17:26:08 [main] INFO  DataBaseTestConfig:24 - Closing DB connection
2021-03-14 17:26:16 [main] INFO  DataBaseTestConfig:14 - Create DB connection
2021-03-14 17:26:16 [main] INFO  DataBaseTestConfig:24 - Closing DB connection
2021-03-14 17:26:16 [main] INFO  DataBaseTestConfig:14 - Create DB connection
2021-03-14 17:26:16 [main] INFO  DataBaseTestConfig:46 - Closing Result Set
2021-03-14 17:26:16 [main] INFO  DataBaseTestConfig:35 - Closing Prepared Statement
2021-03-14 17:26:16 [main] INFO  DataBaseTestConfig:24 - Closing DB connection
2021-03-14 17:26:16 [main] INFO  DataBaseTestConfig:14 - Create DB connection
2021-03-14 17:26:16 [main] INFO  DataBaseTestConfig:35 - Closing Prepared Statement
2021-03-14 17:26:16 [main] INFO  DataBaseTestConfig:24 - Closing DB connection
2021-03-14 17:26:16 [main] INFO  DataBaseTestConfig:14 - Create DB connection
2021-03-14 17:26:16 [main] INFO  DataBaseTestConfig:24 - Closing DB connection
2021-03-14 17:26:17 [main] INFO  DataBaseTestConfig:14 - Create DB connection
2021-03-14 17:26:17 [main] INFO  DataBaseTestConfig:46 - Closing Result Set
2021-03-14 17:26:17 [main] INFO  DataBaseTestConfig:35 - Closing Prepared Statement
2021-03-14 17:26:17 [main] INFO  DataBaseTestConfig:24 - Closing DB connection
2021-03-14 17:26:17 [main] INFO  DataBaseTestConfig:14 - Create DB connection
2021-03-14 17:26:17 [main] INFO  DataBaseTestConfig:46 - Closing Result Set
2021-03-14 17:26:17 [main] INFO  DataBaseTestConfig:35 - Closing Prepared Statement
2021-03-14 17:26:17 [main] INFO  DataBaseTestConfig:24 - Closing DB connection
2021-03-14 17:26:17 [main] INFO  DataBaseTestConfig:14 - Create DB connection
2021-03-14 17:26:17 [main] INFO  DataBaseTestConfig:46 - Closing Result Set
2021-03-14 17:26:17 [main] INFO  DataBaseTestConfig:35 - Closing Prepared Statement
2021-03-14 17:26:17 [main] INFO  DataBaseTestConfig:24 - Closing DB connection
2021-03-14 17:26:17 [main] INFO  DataBaseTestConfig:14 - Create DB connection
2021-03-14 17:26:17 [main] INFO  DataBaseTestConfig:24 - Closing DB connection
2021-03-14 17:26:17 [main] INFO  DataBaseTestConfig:14 - Create DB connection
2021-03-14 17:26:17 [main] INFO  DataBaseTestConfig:35 - Closing Prepared Statement
2021-03-14 17:26:17 [main] INFO  DataBaseTestConfig:24 - Closing DB connection
2021-03-14 17:26:17 [main] INFO  DataBaseTestConfig:14 - Create DB connection
2021-03-14 17:26:17 [main] INFO  DataBaseTestConfig:46 - Closing Result Set
2021-03-14 17:26:17 [main] INFO  DataBaseTestConfig:35 - Closing Prepared Statement
2021-03-14 17:26:17 [main] INFO  DataBaseTestConfig:24 - Closing DB connection
2021-03-14 17:26:17 [main] INFO  DataBaseTestConfig:14 - Create DB connection
2021-03-14 17:26:17 [main] INFO  DataBaseTestConfig:46 - Closing Result Set
2021-03-14 17:26:17 [main] INFO  DataBaseTestConfig:35 - Closing Prepared Statement
2021-03-14 17:26:17 [main] INFO  DataBaseTestConfig:24 - Closing DB connection
2021-03-14 17:26:17 [main] INFO  DataBaseTestConfig:14 - Create DB connection
2021-03-14 17:26:17 [main] INFO  DataBaseTestConfig:24 - Closing DB connection
2021-03-14 17:26:17 [main] INFO  DataBaseTestConfig:14 - Create DB connection
2021-03-14 17:26:17 [main] INFO  DataBaseTestConfig:46 - Closing Result Set
2021-03-14 17:26:17 [main] INFO  DataBaseTestConfig:35 - Closing Prepared Statement
2021-03-14 17:26:17 [main] INFO  DataBaseTestConfig:24 - Closing DB connection
2021-03-14 17:26:17 [main] INFO  DataBaseTestConfig:14 - Create DB connection
2021-03-14 17:26:17 [main] INFO  DataBaseTestConfig:35 - Closing Prepared Statement
2021-03-14 17:26:17 [main] INFO  DataBaseTestConfig:24 - Closing DB connection
2021-03-14 17:26:17 [main] INFO  DataBaseTestConfig:14 - Create DB connection
2021-03-14 17:26:17 [main] INFO  DataBaseTestConfig:24 - Closing DB connection
2021-03-14 17:26:17 [main] INFO  DataBaseTestConfig:14 - Create DB connection
2021-03-14 17:26:17 [main] INFO  DataBaseTestConfig:46 - Closing Result Set
2021-03-14 17:26:17 [main] INFO  DataBaseTestConfig:35 - Closing Prepared Statement
2021-03-14 17:26:17 [main] INFO  DataBaseTestConfig:24 - Closing DB connection
2021-03-14 17:26:17 [main] INFO  DataBaseTestConfig:14 - Create DB connection
2021-03-14 17:26:17 [main] INFO  DataBaseTestConfig:46 - Closing Result Set
2021-03-14 17:26:17 [main] INFO  DataBaseTestConfig:35 - Closing Prepared Statement
2021-03-14 17:26:17 [main] INFO  DataBaseTestConfig:24 - Closing DB connection
